<?xml version="1.0" encoding="UTF-8"?>
<testsuite name="ex.payment.PayMethodRegisterTest" tests="5" skipped="0" failures="0" errors="0" timestamp="2023-08-25T02:12:00" hostname="YONG" time="0.263">
  <properties/>
  <testcase name="registered()" classname="ex.payment.PayMethodRegisterTest" time="0.233"/>
  <testcase name="invalidCardNo()" classname="ex.payment.PayMethodRegisterTest" time="0.008"/>
  <testcase name="invalidRegReq()" classname="ex.payment.PayMethodRegisterTest" time="0.003"/>
  <testcase name="noUser()" classname="ex.payment.PayMethodRegisterTest" time="0.004"/>
  <testcase name="dupCardNo()" classname="ex.payment.PayMethodRegisterTest" time="0.004"/>
  <system-out><![CDATA[]]></system-out>
  <system-err><![CDATA[]]></system-err>
</testsuite>
